TN:
SF:src/app/layout.tsx
FN:22,RootLayout
FNF:1
FNH:0
FNDA:0,RootLayout
DA:2,0
DA:3,0
DA:4,0
DA:7,0
DA:12,0
DA:17,0
DA:22,0
LF:7
LH:0
BRF:0
BRH:0
end_of_record
TN:
SF:src/app/page.tsx
FN:11,getHealth
FN:22,Home
FNF:2
FNH:0
FNDA:0,getHealth
FNDA:0,Home
DA:1,0
DA:2,0
DA:3,0
DA:4,0
DA:5,0
DA:6,0
DA:7,0
DA:8,0
DA:9,0
DA:12,0
DA:16,0
DA:17,0
DA:19,0
DA:22,0
DA:24,0
DA:25,0
DA:27,0
LF:17
LH:0
BRDA:16,0,0,0
BRF:1
BRH:0
end_of_record
TN:
SF:src/app/api/auth/[...auth0]/route.ts
FN:5,GET
FN:60,POST
FNF:2
FNH:0
FNDA:0,GET
FNDA:0,POST
DA:1,0
DA:2,0
DA:5,0
DA:6,0
DA:9,0
DA:10,0
DA:11,0
DA:17,0
DA:21,0
DA:24,0
DA:34,0
DA:37,0
DA:47,0
DA:48,0
DA:57,0
DA:60,0
DA:61,0
LF:17
LH:0
BRDA:9,0,0,0
BRDA:21,1,0,0
BRDA:40,2,0,0
BRDA:40,2,1,0
BRDA:47,3,0,0
BRF:5
BRH:0
end_of_record
TN:
SF:src/app/ask/page.tsx
FN:45,findFAQAnswer
FN:77,(anonymous_6)
FN:85,ChatBox
FN:89,(anonymous_8)
FN:103,(anonymous_9)
FN:113,(anonymous_10)
FN:114,(anonymous_11)
FN:129,FAQQuickBox
FN:141,FAQSection
FN:148,(anonymous_14)
FN:149,(anonymous_15)
FN:155,(anonymous_16)
FN:164,(anonymous_17)
FN:165,(anonymous_18)
FN:171,(anonymous_19)
FN:183,AskPage
FN:190,(anonymous_21)
FN:195,(anonymous_22)
FN:197,(anonymous_23)
FN:203,(anonymous_24)
FN:205,(anonymous_25)
FN:222,(anonymous_26)
FN:223,(anonymous_27)
FN:252,(anonymous_28)
FN:282,(anonymous_29)
FN:283,(anonymous_30)
FNF:26
FNH:0
FNDA:0,findFAQAnswer
FNDA:0,(anonymous_6)
FNDA:0,ChatBox
FNDA:0,(anonymous_8)
FNDA:0,(anonymous_9)
FNDA:0,(anonymous_10)
FNDA:0,(anonymous_11)
FNDA:0,FAQQuickBox
FNDA:0,FAQSection
FNDA:0,(anonymous_14)
FNDA:0,(anonymous_15)
FNDA:0,(anonymous_16)
FNDA:0,(anonymous_17)
FNDA:0,(anonymous_18)
FNDA:0,(anonymous_19)
FNDA:0,AskPage
FNDA:0,(anonymous_21)
FNDA:0,(anonymous_22)
FNDA:0,(anonymous_23)
FNDA:0,(anonymous_24)
FNDA:0,(anonymous_25)
FNDA:0,(anonymous_26)
FNDA:0,(anonymous_27)
FNDA:0,(anonymous_28)
FNDA:0,(anonymous_29)
FNDA:0,(anonymous_30)
DA:2,0
DA:3,0
DA:5,0
DA:40,0
DA:42,0
DA:46,0
DA:49,0
DA:50,0
DA:51,0
DA:56,0
DA:75,0
DA:76,0
DA:77,0
DA:78,0
DA:82,0
DA:86,0
DA:87,0
DA:89,0
DA:90,0
DA:91,0
DA:92,0
DA:104,0
DA:113,0
DA:114,0
DA:142,0
DA:143,0
DA:149,0
DA:155,0
DA:165,0
DA:171,0
DA:183,0
DA:184,0
DA:185,0
DA:186,0
DA:187,0
DA:190,0
DA:191,0
DA:195,0
DA:196,0
DA:197,0
DA:198,0
DA:199,0
DA:200,0
DA:203,0
DA:204,0
DA:205,0
DA:206,0
DA:222,0
DA:224,0
DA:225,0
DA:253,0
DA:282,0
DA:284,0
DA:285,0
LF:54
LH:0
BRDA:50,0,0,0
BRDA:50,1,0,0
BRDA:50,1,1,0
BRDA:76,2,0,0
BRDA:78,3,0,0
BRDA:90,4,0,0
BRDA:100,5,0,0
BRDA:100,5,1,0
BRDA:114,6,0,0
BRDA:148,7,0,0
BRDA:148,7,1,0
BRDA:152,8,0,0
BRDA:161,9,0,0
BRDA:196,10,0,0
BRDA:214,11,0,0
BRDA:213,12,0,0
BRDA:213,12,1,0
BRDA:224,13,0,0
BRDA:224,14,0,0
BRDA:224,14,1,0
BRDA:234,15,0,0
BRDA:234,15,1,0
BRDA:236,16,0,0
BRDA:236,16,1,0
BRDA:255,17,0,0
BRDA:255,17,1,0
BRDA:258,18,0,0
BRDA:258,18,1,0
BRDA:263,19,0,0
BRDA:263,19,1,0
BRDA:268,20,0,0
BRDA:284,21,0,0
BRDA:284,22,0,0
BRDA:284,22,1,0
BRDA:294,23,0,0
BRDA:294,23,1,0
BRDA:296,24,0,0
BRDA:296,24,1,0
BRF:38
BRH:0
end_of_record
TN:
SF:src/app/insights/page.tsx
FN:13,InsightsPage
FNF:1
FNH:0
FNDA:0,InsightsPage
DA:2,0
DA:3,0
DA:6,0
DA:7,0
DA:8,0
DA:9,0
DA:10,0
DA:13,0
LF:8
LH:0
BRF:0
BRH:0
end_of_record
TN:
SF:src/app/portfolio/page.tsx
FN:11,Portfolio
FNF:1
FNH:0
FNDA:0,Portfolio
DA:2,0
DA:3,0
DA:4,0
DA:5,0
DA:6,0
DA:7,0
DA:8,0
DA:9,0
DA:11,0
LF:9
LH:0
BRF:0
BRH:0
end_of_record
TN:
SF:src/app/settings/page.tsx
FN:5,SettingsPage
FNF:1
FNH:0
FNDA:0,SettingsPage
DA:2,0
DA:3,0
DA:5,0
LF:3
LH:0
BRF:0
BRH:0
end_of_record
TN:
SF:src/app/taxes/ResourceCard.tsx
FN:9,ResourceCard
FNF:1
FNH:0
FNDA:0,ResourceCard
DA:1,0
DA:9,0
LF:2
LH:0
BRF:0
BRH:0
end_of_record
TN:
SF:src/app/taxes/page.tsx
FN:9,TaxesPage
FN:22,(anonymous_3)
FN:28,(anonymous_4)
FN:34,(anonymous_5)
FN:53,(anonymous_6)
FN:57,(anonymous_7)
FN:62,(anonymous_8)
FN:74,(anonymous_9)
FNF:8
FNH:0
FNDA:0,TaxesPage
FNDA:0,(anonymous_3)
FNDA:0,(anonymous_4)
FNDA:0,(anonymous_5)
FNDA:0,(anonymous_6)
FNDA:0,(anonymous_7)
FNDA:0,(anonymous_8)
FNDA:0,(anonymous_9)
DA:2,0
DA:3,0
DA:4,0
DA:5,0
DA:6,0
DA:7,0
DA:9,0
DA:10,0
DA:11,0
DA:22,0
DA:28,0
DA:34,0
DA:53,0
DA:57,0
DA:62,0
DA:74,0
LF:16
LH:0
BRDA:50,0,0,0
BRDA:66,1,0,0
BRDA:87,2,0,0
BRDA:122,3,0,0
BRF:4
BRH:0
end_of_record
TN:
SF:src/components/AIInsights.tsx
FN:4,AIInsights
FN:11,(anonymous_3)
FNF:2
FNH:0
FNDA:0,AIInsights
FNDA:0,(anonymous_3)
DA:1,0
DA:2,0
DA:4,0
DA:12,0
LF:4
LH:0
BRF:0
BRH:0
end_of_record
TN:
SF:src/components/ActivityTable.tsx
FN:9,generateMockActivity
FN:51,ActivityTable
FN:56,(anonymous_4)
FN:59,(anonymous_5)
FN:61,(anonymous_6)
FN:63,(anonymous_7)
FN:65,(anonymous_8)
FN:70,handleSeeMore
FN:71,(anonymous_10)
FN:83,(anonymous_11)
FN:92,(anonymous_12)
FN:92,(anonymous_13)
FN:114,(anonymous_14)
FNF:13
FNH:0
FNDA:0,generateMockActivity
FNDA:0,ActivityTable
FNDA:0,(anonymous_4)
FNDA:0,(anonymous_5)
FNDA:0,(anonymous_6)
FNDA:0,(anonymous_7)
FNDA:0,(anonymous_8)
FNDA:0,handleSeeMore
FNDA:0,(anonymous_10)
FNDA:0,(anonymous_11)
FNDA:0,(anonymous_12)
FNDA:0,(anonymous_13)
FNDA:0,(anonymous_14)
DA:2,0
DA:4,0
DA:5,0
DA:6,0
DA:7,0
DA:10,0
DA:11,0
DA:12,0
DA:13,0
DA:14,0
DA:15,0
DA:16,0
DA:17,0
DA:18,0
DA:19,0
DA:20,0
DA:21,0
DA:22,0
DA:23,0
DA:25,0
DA:28,0
DA:51,0
DA:52,0
DA:53,0
DA:54,0
DA:56,0
DA:57,0
DA:58,0
DA:59,0
DA:60,0
DA:61,0
DA:62,0
DA:63,0
DA:64,0
DA:65,0
DA:67,0
DA:71,0
DA:83,0
DA:92,0
DA:115,0
LF:40
LH:0
BRDA:58,0,0,0
BRDA:58,0,1,0
BRDA:59,1,0,0
BRDA:59,1,1,0
BRDA:60,2,0,0
BRDA:60,2,1,0
BRDA:61,3,0,0
BRDA:61,3,1,0
BRDA:62,4,0,0
BRDA:62,4,1,0
BRDA:63,5,0,0
BRDA:63,5,1,0
BRDA:64,6,0,0
BRDA:65,7,0,0
BRDA:65,7,1,0
BRDA:92,8,0,0
BRDA:92,8,1,0
BRDA:93,9,0,0
BRDA:93,9,1,0
BRDA:95,10,0,0
BRDA:95,10,1,0
BRDA:123,11,0,0
BRDA:123,11,1,0
BRF:23
BRH:0
end_of_record
TN:
SF:src/components/AddButtonWithDropdown.tsx
FN:6,AddButtonWithDropdown
FN:10,(anonymous_5)
FN:14,(anonymous_6)
FN:21,(anonymous_7)
FN:21,(anonymous_8)
FN:30,(anonymous_9)
FN:36,(anonymous_10)
FN:71,(anonymous_11)
FNF:8
FNH:8
FNDA:12,AddButtonWithDropdown
FNDA:3,(anonymous_5)
FNDA:1,(anonymous_6)
FNDA:4,(anonymous_7)
FNDA:4,(anonymous_8)
FNDA:1,(anonymous_9)
FNDA:2,(anonymous_10)
FNDA:12,(anonymous_11)
DA:2,1
DA:4,1
DA:6,4
DA:7,12
DA:8,12
DA:10,12
DA:11,3
DA:12,3
DA:14,12
DA:21,4
DA:30,1
DA:36,2
DA:72,12
LF:13
LH:13
BRDA:26,0,0,12
BRDA:43,1,0,12
BRDA:48,2,0,2
BRDA:48,2,1,1
BRDA:58,3,0,2
BRDA:58,3,1,1
BRDA:88,4,0,2
BRDA:88,4,1,1
BRF:8
BRH:8
end_of_record
TN:
SF:src/components/Alerts.tsx
FN:5,Alerts
FN:16,(anonymous_5)
FN:32,(anonymous_6)
FN:42,(anonymous_7)
FN:49,(anonymous_8)
FNF:5
FNH:0
FNDA:0,Alerts
FNDA:0,(anonymous_5)
FNDA:0,(anonymous_6)
FNDA:0,(anonymous_7)
FNDA:0,(anonymous_8)
DA:2,0
DA:3,0
DA:5,0
DA:6,0
DA:7,0
DA:17,0
DA:32,0
DA:42,0
DA:50,0
LF:9
LH:0
BRDA:16,0,0,0
BRDA:16,0,1,0
BRDA:37,1,0,0
BRF:3
BRH:0
end_of_record
TN:
SF:src/components/AllocationBreakdown.tsx
FN:27,renderCustomizedLabel
FN:31,CustomTooltip
FN:41,(anonymous_6)
FN:48,AllocationBreakdown
FN:49,(anonymous_8)
FN:69,(anonymous_9)
FN:79,(anonymous_10)
FNF:7
FNH:4
FNDA:0,renderCustomizedLabel
FNDA:0,CustomTooltip
FNDA:0,(anonymous_6)
FNDA:5,AllocationBreakdown
FNDA:25,(anonymous_8)
FNDA:25,(anonymous_9)
FNDA:25,(anonymous_10)
DA:2,2
DA:3,2
DA:5,2
DA:7,2
DA:15,2
DA:28,0
DA:32,0
DA:33,0
DA:41,0
DA:45,0
DA:48,5
DA:49,25
DA:70,25
DA:80,25
LF:14
LH:9
BRDA:32,0,0,0
BRDA:32,1,0,0
BRDA:32,1,1,0
BRDA:32,1,2,0
BRF:4
BRH:0
end_of_record
TN:
SF:src/components/AuthNav.tsx
FN:6,AuthNav
FNF:1
FNH:1
FNDA:10,AuthNav
DA:2,1
DA:3,1
DA:4,1
DA:6,10
DA:7,10
DA:9,10
DA:13,0
LF:7
LH:6
BRDA:9,0,0,10
BRDA:13,1,0,0
BRDA:21,2,0,0
BRDA:21,2,1,0
BRF:4
BRH:1
end_of_record
TN:
SF:src/components/EstimatedMiscIncome.tsx
FN:9,EstimatedMiscIncome
FN:22,(anonymous_3)
FNF:2
FNH:0
FNDA:0,EstimatedMiscIncome
FNDA:0,(anonymous_3)
DA:1,0
DA:3,0
DA:9,0
DA:23,0
LF:4
LH:0
BRF:0
BRH:0
end_of_record
TN:
SF:src/components/GainLossAnalysis.tsx
FN:10,GainLossAnalysis
FN:19,(anonymous_3)
FN:31,(anonymous_4)
FNF:3
FNH:0
FNDA:0,GainLossAnalysis
FNDA:0,(anonymous_3)
FNDA:0,(anonymous_4)
DA:1,0
DA:3,0
DA:10,0
DA:20,0
DA:32,0
LF:5
LH:0
BRDA:22,0,0,0
BRDA:22,0,1,0
BRDA:34,1,0,0
BRDA:34,1,1,0
BRF:4
BRH:0
end_of_record
TN:
SF:src/components/HoldingsTable.tsx
FN:13,HoldingsTable
FN:30,(anonymous_3)
FNF:2
FNH:2
FNDA:6,HoldingsTable
FNDA:36,(anonymous_3)
DA:2,1
DA:4,1
DA:13,6
DA:31,36
LF:4
LH:4
BRDA:37,0,0,24
BRDA:37,0,1,12
BRDA:37,1,0,6
BRDA:37,1,1,6
BRF:4
BRH:4
end_of_record
TN:
SF:src/components/MarketSignals.tsx
FN:17,MarketSignals
FN:21,(anonymous_5)
FN:23,handleClick
FN:29,(anonymous_7)
FN:34,(anonymous_8)
FN:40,(anonymous_9)
FNF:6
FNH:0
FNDA:0,MarketSignals
FNDA:0,(anonymous_5)
FNDA:0,handleClick
FNDA:0,(anonymous_7)
FNDA:0,(anonymous_8)
FNDA:0,(anonymous_9)
DA:2,0
DA:3,0
DA:4,0
DA:6,0
DA:17,0
DA:18,0
DA:19,0
DA:21,0
DA:22,0
DA:24,0
DA:25,0
DA:28,0
DA:29,0
DA:35,0
DA:40,0
LF:15
LH:0
BRDA:22,0,0,0
BRDA:24,1,0,0
BRDA:24,2,0,0
BRDA:24,2,1,0
BRDA:40,3,0,0
BRDA:40,3,1,0
BRDA:48,4,0,0
BRDA:50,5,0,0
BRDA:50,5,1,0
BRDA:57,6,0,0
BRF:10
BRH:0
end_of_record
TN:
SF:src/components/NavBar.tsx
FN:15,NavBar
FN:20,(anonymous_6)
FN:26,(anonymous_7)
FN:27,handleClickOutside
FN:33,(anonymous_9)
FN:43,(anonymous_10)
FNF:6
FNH:5
FNDA:10,NavBar
FNDA:5,(anonymous_6)
FNDA:5,(anonymous_7)
FNDA:0,handleClickOutside
FNDA:5,(anonymous_9)
FNDA:50,(anonymous_10)
DA:2,1
DA:4,1
DA:5,1
DA:7,1
DA:15,5
DA:16,10
DA:17,10
DA:18,10
DA:20,10
DA:21,5
DA:22,5
DA:26,10
DA:28,0
DA:29,0
DA:32,5
DA:33,5
DA:44,50
LF:17
LH:15
BRDA:21,0,0,5
BRDA:28,1,0,0
BRDA:28,2,0,0
BRDA:28,2,1,0
BRDA:48,3,0,5
BRDA:48,3,1,45
BRF:6
BRH:3
end_of_record
TN:
SF:src/components/NetWorthOverview.tsx
FN:8,(anonymous_2)
FN:44,NetWorthOverview
FN:45,(anonymous_4)
FN:53,(anonymous_5)
FNF:4
FNH:4
FNDA:5,(anonymous_2)
FNDA:6,NetWorthOverview
FNDA:24,(anonymous_4)
FNDA:24,(anonymous_5)
DA:2,1
DA:3,1
DA:4,1
DA:7,1
DA:8,5
DA:15,1
DA:20,1
DA:44,6
DA:45,24
DA:54,24
LF:10
LH:10
BRDA:70,0,0,6
BRDA:70,0,1,18
BRDA:75,1,0,6
BRDA:75,1,1,18
BRDA:75,2,0,6
BRDA:75,2,1,18
BRF:6
BRH:6
end_of_record
TN:
SF:src/components/NewsFeed.tsx
FN:7,NewsFeed
FN:13,(anonymous_5)
FN:20,(anonymous_6)
FN:24,(anonymous_7)
FN:32,(anonymous_8)
FN:49,(anonymous_9)
FN:59,(anonymous_10)
FN:66,(anonymous_11)
FNF:8
FNH:0
FNDA:0,NewsFeed
FNDA:0,(anonymous_5)
FNDA:0,(anonymous_6)
FNDA:0,(anonymous_7)
FNDA:0,(anonymous_8)
FNDA:0,(anonymous_9)
FNDA:0,(anonymous_10)
FNDA:0,(anonymous_11)
DA:3,0
DA:4,0
DA:5,0
DA:7,0
DA:8,0
DA:9,0
DA:10,0
DA:13,0
DA:21,0
DA:24,0
DA:33,0
DA:49,0
DA:59,0
DA:67,0
LF:14
LH:0
BRDA:13,0,0,0
BRDA:13,0,1,0
BRDA:32,1,0,0
BRDA:32,1,1,0
BRDA:54,2,0,0
BRF:5
BRH:0
end_of_record
TN:
SF:src/components/OnChainTrends.tsx
FN:60,OnChainTrends
FN:66,(anonymous_3)
FN:77,(anonymous_4)
FNF:3
FNH:0
FNDA:0,OnChainTrends
FNDA:0,(anonymous_3)
FNDA:0,(anonymous_4)
DA:2,0
DA:3,0
DA:5,0
DA:60,0
DA:67,0
DA:78,0
LF:6
LH:0
BRDA:81,0,0,0
BRDA:81,0,1,0
BRF:2
BRH:0
end_of_record
TN:
SF:src/components/PerformanceComparisonChart.tsx
FN:14,PerformanceComparisonChart
FN:20,(anonymous_3)
FN:30,(anonymous_4)
FN:31,(anonymous_5)
FNF:4
FNH:0
FNDA:0,PerformanceComparisonChart
FNDA:0,(anonymous_3)
FNDA:0,(anonymous_4)
FNDA:0,(anonymous_5)
DA:2,0
DA:3,0
DA:6,0
DA:14,0
DA:21,0
DA:30,0
DA:31,0
LF:7
LH:0
BRF:0
BRH:0
end_of_record
TN:
SF:src/components/PortfolioActivityChart.tsx
FN:8,(anonymous_2)
FN:24,PortfolioActivityChart
FN:30,(anonymous_4)
FN:40,(anonymous_5)
FN:41,(anonymous_6)
FNF:5
FNH:0
FNDA:0,(anonymous_2)
FNDA:0,PortfolioActivityChart
FNDA:0,(anonymous_4)
FNDA:0,(anonymous_5)
FNDA:0,(anonymous_6)
DA:2,0
DA:3,0
DA:4,0
DA:7,0
DA:8,0
DA:13,0
DA:15,0
DA:16,0
DA:24,0
DA:31,0
DA:40,0
DA:41,0
LF:12
LH:0
BRF:0
BRH:0
end_of_record
TN:
SF:src/components/RecentTrades.tsx
FN:12,(anonymous_2)
FN:14,RecentTrades
FN:33,(anonymous_4)
FNF:3
FNH:0
FNDA:0,(anonymous_2)
FNDA:0,RecentTrades
FNDA:0,(anonymous_4)
DA:2,0
DA:4,0
DA:6,0
DA:12,0
DA:14,0
DA:34,0
LF:6
LH:0
BRDA:42,0,0,0
BRDA:42,0,1,0
BRF:2
BRH:0
end_of_record
TN:
SF:src/components/RiskComplianceFlags.tsx
FN:22,RiskComplianceFlags
FN:26,(anonymous_3)
FNF:2
FNH:0
FNDA:0,RiskComplianceFlags
FNDA:0,(anonymous_3)
DA:1,0
DA:3,0
DA:22,0
DA:27,0
LF:4
LH:0
BRF:0
BRH:0
end_of_record
TN:
SF:src/components/TransactionSummaryTable.tsx
FN:12,TransactionSummaryTable
FN:26,(anonymous_3)
FNF:2
FNH:0
FNDA:0,TransactionSummaryTable
FNDA:0,(anonymous_3)
DA:2,0
DA:4,0
DA:12,0
DA:27,0
LF:4
LH:0
BRDA:31,0,0,0
BRDA:31,0,1,0
BRF:2
BRH:0
end_of_record
TN:
SF:src/contexts/AuthContext.tsx
FN:21,AuthProvider
FN:26,(anonymous_7)
FN:28,(anonymous_8)
FN:56,(anonymous_9)
FNF:4
FNH:1
FNDA:0,AuthProvider
FNDA:0,(anonymous_7)
FNDA:0,(anonymous_8)
FNDA:10,(anonymous_9)
DA:2,1
DA:16,1
DA:21,0
DA:22,0
DA:23,0
DA:24,0
DA:26,0
DA:28,0
DA:29,0
DA:31,0
DA:32,0
DA:34,0
DA:41,0
DA:43,0
DA:46,0
DA:56,10
LF:16
LH:3
BRDA:32,0,0,0
BRF:1
BRH:0
end_of_record
TN:
SF:src/data/mockDashboard.ts
FNF:0
FNH:0
DA:9,0
DA:20,0
DA:26,0
DA:37,0
LF:4
LH:0
BRF:0
BRH:0
end_of_record
